<?xml version="1.0" encoding="UTF-8"?>
<!-- Generated by org.testng.reporters.JUnitReportReporter -->
<testsuite hostname="Aney" failures="0" tests="1" name="demo.sample" time="0.016" errors="0" timestamp="2022-12-20T08:30:02 IST" skipped="0">
  <testcase classname="demo.sample" name="sampleTest" time="0.016"/>
  <system-out/>
</testsuite> <!-- demo.sample -->
